

================================================================
== Vivado HLS Report for 'test'
================================================================
* Date:           Fri Apr  9 20:35:32 2021

* Version:        2019.2 (Build 2704478 on Wed Nov 06 22:10:23 MST 2019)
* Project:        LABA
* Solution:       solution1
* Product family: zynq
* Target device:  xc7z020-clg400-1


================================================================
== Performance Estimates
================================================================
+ Timing: 
    * Summary: 
    +--------+---------+----------+------------+
    |  Clock |  Target | Estimated| Uncertainty|
    +--------+---------+----------+------------+
    |ap_clk  | 5.00 ns | 3.740 ns |   0.63 ns  |
    +--------+---------+----------+------------+

+ Latency: 
    * Summary: 
    +---------+---------+-----------+-----------+-----+-----+---------+
    |  Latency (cycles) |   Latency (absolute)  |  Interval | Pipeline|
    |   min   |   max   |    min    |    max    | min | max |   Type  |
    +---------+---------+-----------+-----------+-----+-----+---------+
    |        2|        2| 10.000 ns | 10.000 ns |    2|    2|   none  |
    +---------+---------+-----------+-----------+-----+-----+---------+

    + Detail: 
        * Instance: 
        N/A

        * Loop: 
        N/A



================================================================
== Utilization Estimates
================================================================
* Summary: 
+-----------------+---------+-------+--------+-------+-----+
|       Name      | BRAM_18K| DSP48E|   FF   |  LUT  | URAM|
+-----------------+---------+-------+--------+-------+-----+
|DSP              |        -|      -|       -|      -|    -|
|Expression       |        -|      0|       0|     33|    -|
|FIFO             |        -|      -|       -|      -|    -|
|Instance         |        0|      -|      76|     96|    -|
|Memory           |        -|      -|       -|      -|    -|
|Multiplexer      |        -|      -|       -|     21|    -|
|Register         |        -|      -|      31|      -|    -|
+-----------------+---------+-------+--------+-------+-----+
|Total            |        0|      0|     107|    150|    0|
+-----------------+---------+-------+--------+-------+-----+
|Available        |      280|    220|  106400|  53200|    0|
+-----------------+---------+-------+--------+-------+-----+
|Utilization (%)  |        0|      0|   ~0   |   ~0  |    0|
+-----------------+---------+-------+--------+-------+-----+

+ Detail: 
    * Instance: 
    +-----------------------+---------------------+---------+-------+----+----+-----+
    |        Instance       |        Module       | BRAM_18K| DSP48E| FF | LUT| URAM|
    +-----------------------+---------------------+---------+-------+----+----+-----+
    |test_AXILiteS_s_axi_U  |test_AXILiteS_s_axi  |        0|      0|  76|  96|    0|
    +-----------------------+---------------------+---------+-------+----+----+-----+
    |Total                  |                     |        0|      0|  76|  96|    0|
    +-----------------------+---------------------+---------+-------+----+----+-----+

    * DSP48E: 
    N/A

    * Memory: 
    N/A

    * FIFO: 
    N/A

    * Expression: 
    +----------------+----------+-------+---+----+------------+------------+
    |  Variable Name | Operation| DSP48E| FF| LUT| Bitwidth P0| Bitwidth P1|
    +----------------+----------+-------+---+----+------------+------------+
    |ret_V_fu_49_p2  |     *    |      0|  0|  33|           7|           7|
    +----------------+----------+-------+---+----+------------+------------+
    |Total           |          |      0|  0|  33|           7|           7|
    +----------------+----------+-------+---+----+------------+------------+

    * Multiplexer: 
    +-----------+----+-----------+-----+-----------+
    |    Name   | LUT| Input Size| Bits| Total Bits|
    +-----------+----+-----------+-----+-----------+
    |ap_NS_fsm  |  21|          4|    1|          4|
    +-----------+----+-----------+-----+-----------+
    |Total      |  21|          4|    1|          4|
    +-----------+----+-----------+-----+-----------+

    * Register: 
    +-----------------+----+----+-----+-----------+
    |       Name      | FF | LUT| Bits| Const Bits|
    +-----------------+----+----+-----+-----------+
    |a_V_read_reg_60  |   7|   0|    7|          0|
    |ap_CS_fsm        |   3|   0|    3|          0|
    |b_V_read_reg_55  |   7|   0|    7|          0|
    |ret_V_reg_65     |  14|   0|   14|          0|
    +-----------------+----+----+-----+-----------+
    |Total            |  31|   0|   31|          0|
    +-----------------+----+----+-----+-----------+



================================================================
== Interface
================================================================
* Summary: 
+------------------------+-----+-----+------------+--------------+--------------+
|        RTL Ports       | Dir | Bits|  Protocol  | Source Object|    C Type    |
+------------------------+-----+-----+------------+--------------+--------------+
|s_axi_AXILiteS_AWVALID  |  in |    1|    s_axi   |   AXILiteS   |    pointer   |
|s_axi_AXILiteS_AWREADY  | out |    1|    s_axi   |   AXILiteS   |    pointer   |
|s_axi_AXILiteS_AWADDR   |  in |    6|    s_axi   |   AXILiteS   |    pointer   |
|s_axi_AXILiteS_WVALID   |  in |    1|    s_axi   |   AXILiteS   |    pointer   |
|s_axi_AXILiteS_WREADY   | out |    1|    s_axi   |   AXILiteS   |    pointer   |
|s_axi_AXILiteS_WDATA    |  in |   32|    s_axi   |   AXILiteS   |    pointer   |
|s_axi_AXILiteS_WSTRB    |  in |    4|    s_axi   |   AXILiteS   |    pointer   |
|s_axi_AXILiteS_ARVALID  |  in |    1|    s_axi   |   AXILiteS   |    pointer   |
|s_axi_AXILiteS_ARREADY  | out |    1|    s_axi   |   AXILiteS   |    pointer   |
|s_axi_AXILiteS_ARADDR   |  in |    6|    s_axi   |   AXILiteS   |    pointer   |
|s_axi_AXILiteS_RVALID   | out |    1|    s_axi   |   AXILiteS   |    pointer   |
|s_axi_AXILiteS_RREADY   |  in |    1|    s_axi   |   AXILiteS   |    pointer   |
|s_axi_AXILiteS_RDATA    | out |   32|    s_axi   |   AXILiteS   |    pointer   |
|s_axi_AXILiteS_RRESP    | out |    2|    s_axi   |   AXILiteS   |    pointer   |
|s_axi_AXILiteS_BVALID   | out |    1|    s_axi   |   AXILiteS   |    pointer   |
|s_axi_AXILiteS_BREADY   |  in |    1|    s_axi   |   AXILiteS   |    pointer   |
|s_axi_AXILiteS_BRESP    | out |    2|    s_axi   |   AXILiteS   |    pointer   |
|ap_clk                  |  in |    1| ap_ctrl_hs |     test     | return value |
|ap_rst_n                |  in |    1| ap_ctrl_hs |     test     | return value |
|ap_start                |  in |    1| ap_ctrl_hs |     test     | return value |
|ap_done                 | out |    1| ap_ctrl_hs |     test     | return value |
|ap_idle                 | out |    1| ap_ctrl_hs |     test     | return value |
|ap_ready                | out |    1| ap_ctrl_hs |     test     | return value |
+------------------------+-----+-----+------------+--------------+--------------+

